<?xml version="1.0" encoding="UTF-8"?>
<testsuite name="com.vrv.EurekaProvider.EurekaProviderApplicationTests" time="0" tests="0" errors="0" skipped="0" failures="0">
  <properties>
    <property name="java.runtime.name" value="Java(TM) SE Runtime Environment"/>
    <property name="sun.boot.library.path" value="D:\Java\jdk1.8.0_73\jre\bin"/>
    <property name="java.vm.version" value="25.73-b02"/>
    <property name="java.vm.vendor" value="Oracle Corporation"/>
    <property name="maven.multiModuleProjectDirectory" value="D:\VRV\prisonBreak\testworkspace\EurekaAuth"/>
    <property name="java.vendor.url" value="http://java.oracle.com/"/>
    <property name="path.separator" value=";"/>
    <property name="guice.disable.misplaced.annotation.check" value="true"/>
    <property name="java.vm.name" value="Java HotSpot(TM) 64-Bit Server VM"/>
    <property name="file.encoding.pkg" value="sun.io"/>
    <property name="user.script" value=""/>
    <property name="user.country" value="CN"/>
    <property name="sun.java.launcher" value="SUN_STANDARD"/>
    <property name="sun.os.patch.level" value=""/>
    <property name="java.vm.specification.name" value="Java Virtual Machine Specification"/>
    <property name="user.dir" value="D:\VRV\prisonBreak\testworkspace\EurekaAuth"/>
    <property name="java.runtime.version" value="1.8.0_73-b02"/>
    <property name="java.awt.graphicsenv" value="sun.awt.Win32GraphicsEnvironment"/>
    <property name="java.endorsed.dirs" value="D:\Java\jdk1.8.0_73\jre\lib\endorsed"/>
    <property name="os.arch" value="amd64"/>
    <property name="java.io.tmpdir" value="C:\Users\hp\AppData\Local\Temp\"/>
    <property name="line.separator" value="&#10;"/>
    <property name="java.vm.specification.vendor" value="Oracle Corporation"/>
    <property name="user.variant" value=""/>
    <property name="os.name" value="Windows 10"/>
    <property name="classworlds.conf" value="D:\VRV\prisonBreak\testworkspace\.metadata\.plugins\org.eclipse.m2e.launching\launches\m2conf7664454799787773237.tmp"/>
    <property name="sun.jnu.encoding" value="GBK"/>
    <property name="java.library.path" value="D:\Java\jdk1.8.0_73\bin;C:\WINDOWS\Sun\Java\bin;C:\WINDOWS\system32;C:\WINDOWS;D:/VRV/Doc/GAB/jdk1.8.0_73/bin/../jre/bin/server;D:/VRV/Doc/GAB/jdk1.8.0_73/bin/../jre/bin;D:/VRV/Doc/GAB/jdk1.8.0_73/bin/../jre/lib/amd64;C:\Program Files\erl9.2\bin;D:\VRV\webservice\axis2\axis2-1.6.0\bin;D:\VRV\prisonBreak\sonar\sonar-scanner-3.0.3.778-windows\bin;D:\VRV\maven\apache-maven-3.5.0\bin;D:\DevSpace\wget-1.18-win64;D:\DevSpace\Elasticsearch\curl;D:\VRV\hadoop\hadoop-1.2.1\bin;D:\DevSpace\snmpwalk\bin;D:\DevSpace\apache-ant-1.9.6\bin;C:\Program Files\MySQL\MySQL Server 5.7\bin;D:\DevSpace\groovy\Groovy-2.3.6\bin;C:\Windows\system32;C:\Windows;C:\Windows\System32\Wbem;C:\Windows\System32\WindowsPowerShell\v1.0\;C:\Program Files (x86)\NVIDIA Corporation\PhysX\Common;c:\Program Files\Intel\WiFi\bin\;c:\Program Files\Common Files\Intel\WirelessCommon\;D:\DevSpace\Git\TortoiseGit\bin;D:\DevSpace\Git\TortoiseSVN\bin;C:\WINDOWS\system32;C:\WINDOWS;C:\WINDOWS\System32\Wbem;C:\WINDOWS\System32\WindowsPowerShell\v1.0\;D:\DevSpace\snmpwalk\bin;D:\DevSpace\Git\Git\bin;%Cygwin\bin;D:\DevSpace\UML\Rational_Rose\common;D:\DevSpace\gradle-2.13\bin;D:\DevSpace\Git\Git\bin;D:\VRV\Doc\GAB\jdk1.8.0_73\bin;D:\VRV\nodejs\;D:\DevSpace\Git\Git\cmd;D:\VRV\ruby\Ruby25-x64\bin;c:\Program Files\Intel\WiFi\bin\;c:\Program Files\Common Files\Intel\WirelessCommon\;C:\Users\hp\AppData\Local\Microsoft\WindowsApps;;D:\Program Files\Microsoft VS Code\bin;C:\Users\hp\AppData\Roaming\npm;D:\VRV\prisonBreak\imook\spring-tool-suite\sts-bundle\sts-3.9.2.RELEASE;;."/>
    <property name="java.specification.name" value="Java Platform API Specification"/>
    <property name="java.class.version" value="52.0"/>
    <property name="sun.management.compiler" value="HotSpot 64-Bit Tiered Compilers"/>
    <property name="os.version" value="10.0"/>
    <property name="library.jansi.path" value="D:\VRV\maven\apache-maven-3.5.0\lib\jansi-native\windows64"/>
    <property name="user.home" value="C:\Users\hp"/>
    <property name="user.timezone" value="Asia/Shanghai"/>
    <property name="java.awt.printerjob" value="sun.awt.windows.WPrinterJob"/>
    <property name="java.specification.version" value="1.8"/>
    <property name="file.encoding" value="UTF-8"/>
    <property name="user.name" value="wh1107066"/>
    <property name="java.class.path" value="D:\VRV\maven\apache-maven-3.5.0\boot\plexus-classworlds-2.5.2.jar"/>
    <property name="java.vm.specification.version" value="1.8"/>
    <property name="sun.arch.data.model" value="64"/>
    <property name="java.home" value="D:\Java\jdk1.8.0_73\jre"/>
    <property name="sun.java.command" value="org.codehaus.plexus.classworlds.launcher.Launcher -B -gs D:\VRV\maven\apache-maven-3.5.0\conf\settings.xml -s D:\VRV\maven\apache-maven-3.5.0\conf\settings.xml install"/>
    <property name="java.specification.vendor" value="Oracle Corporation"/>
    <property name="user.language" value="zh"/>
    <property name="awt.toolkit" value="sun.awt.windows.WToolkit"/>
    <property name="java.vm.info" value="mixed mode"/>
    <property name="java.version" value="1.8.0_73"/>
    <property name="java.ext.dirs" value="D:\Java\jdk1.8.0_73\jre\lib\ext;C:\WINDOWS\Sun\Java\lib\ext"/>
    <property name="sun.boot.class.path" value="D:\Java\jdk1.8.0_73\jre\lib\resources.jar;D:\Java\jdk1.8.0_73\jre\lib\rt.jar;D:\Java\jdk1.8.0_73\jre\lib\sunrsasign.jar;D:\Java\jdk1.8.0_73\jre\lib\jsse.jar;D:\Java\jdk1.8.0_73\jre\lib\jce.jar;D:\Java\jdk1.8.0_73\jre\lib\charsets.jar;D:\Java\jdk1.8.0_73\jre\lib\jfr.jar;D:\Java\jdk1.8.0_73\jre\classes"/>
    <property name="java.vendor" value="Oracle Corporation"/>
    <property name="maven.home" value="D:\VRV\maven\apache-maven-3.5.0"/>
    <property name="file.separator" value="\"/>
    <property name="java.vendor.url.bug" value="http://bugreport.sun.com/bugreport/"/>
    <property name="sun.cpu.endian" value="little"/>
    <property name="sun.io.unicode.encoding" value="UnicodeLittle"/>
    <property name="sun.desktop" value="windows"/>
    <property name="sun.cpu.isalist" value="amd64"/>
  </properties>
</testsuite>